2017-11-30 14:21:43,803 [main] INFO  o.s.t.c.s.DefaultTestContextBootstrapper - Loaded default TestExecutionListener class names from location [META-INF/spring.factories]: [org.springframework.test.context.web.ServletTestExecutionListener, org.springframework.test.context.support.DirtiesContextBeforeModesTestExecutionListener, org.springframework.test.context.support.DependencyInjectionTestExecutionListener, org.springframework.test.context.support.DirtiesContextTestExecutionListener, org.springframework.test.context.transaction.TransactionalTestExecutionListener, org.springframework.test.context.jdbc.SqlScriptsTestExecutionListener]
2017-11-30 14:21:43,828 [main] INFO  o.s.t.c.s.DefaultTestContextBootstrapper - Using TestExecutionListeners: [org.springframework.test.context.web.ServletTestExecutionListener@17c386de, org.springframework.test.context.support.DirtiesContextBeforeModesTestExecutionListener@5af97850, org.springframework.test.context.support.DependencyInjectionTestExecutionListener@5ef60048, org.springframework.test.context.support.DirtiesContextTestExecutionListener@1d548a08, org.springframework.test.context.transaction.TransactionalTestExecutionListener@16aa0a0a, org.springframework.test.context.jdbc.SqlScriptsTestExecutionListener@780cb77]
2017-11-30 14:21:44,013 [main] INFO  o.s.b.f.xml.XmlBeanDefinitionReader - Loading XML bean definitions from file [D:\Software\testProject\liveshow\red5-parent-1.0.7-RELEASE\red5\target\classes\spring\spring-dao.xml]
2017-11-30 14:21:44,486 [main] INFO  o.s.b.f.xml.XmlBeanDefinitionReader - Loading XML bean definitions from file [D:\Software\testProject\liveshow\red5-parent-1.0.7-RELEASE\red5\target\classes\spring\spring-service.xml]
2017-11-30 14:21:44,992 [main] INFO  o.s.b.f.xml.XmlBeanDefinitionReader - Loading XML bean definitions from class path resource [spring/spring-dao.xml]
2017-11-30 14:21:45,055 [main] INFO  o.s.b.f.xml.XmlBeanDefinitionReader - Loading XML bean definitions from file [D:\Software\testProject\liveshow\red5-parent-1.0.7-RELEASE\red5\target\classes\spring\spring-web.xml]
2017-11-30 14:21:45,247 [main] INFO  o.s.c.s.GenericApplicationContext - Refreshing org.springframework.context.support.GenericApplicationContext@2fd6b6c7: startup date [Thu Nov 30 14:21:45 GMT+08:00 2017]; root of context hierarchy
2017-11-30 14:21:45,802 [main] WARN  o.m.s.mapper.ClassPathMapperScanner - Skipping MapperFactoryBean with name 'anchorMapper' and 'org.liveshow.dao.AnchorMapper' mapperInterface. Bean already defined with the same name!
2017-11-30 14:21:45,803 [main] WARN  o.m.s.mapper.ClassPathMapperScanner - Skipping MapperFactoryBean with name 'applicationMapper' and 'org.liveshow.dao.ApplicationMapper' mapperInterface. Bean already defined with the same name!
2017-11-30 14:21:45,803 [main] WARN  o.m.s.mapper.ClassPathMapperScanner - Skipping MapperFactoryBean with name 'careMapper' and 'org.liveshow.dao.CareMapper' mapperInterface. Bean already defined with the same name!
2017-11-30 14:21:45,803 [main] WARN  o.m.s.mapper.ClassPathMapperScanner - Skipping MapperFactoryBean with name 'danmakuMapper' and 'org.liveshow.dao.DanmakuMapper' mapperInterface. Bean already defined with the same name!
2017-11-30 14:21:45,803 [main] WARN  o.m.s.mapper.ClassPathMapperScanner - Skipping MapperFactoryBean with name 'darkroomDanmakuMapper' and 'org.liveshow.dao.DarkroomDanmakuMapper' mapperInterface. Bean already defined with the same name!
2017-11-30 14:21:45,803 [main] WARN  o.m.s.mapper.ClassPathMapperScanner - Skipping MapperFactoryBean with name 'darkroomRoomMapper' and 'org.liveshow.dao.DarkroomRoomMapper' mapperInterface. Bean already defined with the same name!
2017-11-30 14:21:45,803 [main] WARN  o.m.s.mapper.ClassPathMapperScanner - Skipping MapperFactoryBean with name 'liveRecordMapper' and 'org.liveshow.dao.LiveRecordMapper' mapperInterface. Bean already defined with the same name!
2017-11-30 14:21:45,803 [main] WARN  o.m.s.mapper.ClassPathMapperScanner - Skipping MapperFactoryBean with name 'moduleMapper' and 'org.liveshow.dao.ModuleMapper' mapperInterface. Bean already defined with the same name!
2017-11-30 14:21:45,803 [main] WARN  o.m.s.mapper.ClassPathMapperScanner - Skipping MapperFactoryBean with name 'partMapper' and 'org.liveshow.dao.PartMapper' mapperInterface. Bean already defined with the same name!
2017-11-30 14:21:45,803 [main] WARN  o.m.s.mapper.ClassPathMapperScanner - Skipping MapperFactoryBean with name 'recommendHomeMapper' and 'org.liveshow.dao.RecommendHomeMapper' mapperInterface. Bean already defined with the same name!
2017-11-30 14:21:45,804 [main] WARN  o.m.s.mapper.ClassPathMapperScanner - Skipping MapperFactoryBean with name 'recommendModuleMapper' and 'org.liveshow.dao.RecommendModuleMapper' mapperInterface. Bean already defined with the same name!
2017-11-30 14:21:45,804 [main] WARN  o.m.s.mapper.ClassPathMapperScanner - Skipping MapperFactoryBean with name 'roomMapper' and 'org.liveshow.dao.RoomMapper' mapperInterface. Bean already defined with the same name!
2017-11-30 14:21:45,804 [main] WARN  o.m.s.mapper.ClassPathMapperScanner - Skipping MapperFactoryBean with name 'supermanagerMapper' and 'org.liveshow.dao.SupermanagerMapper' mapperInterface. Bean already defined with the same name!
2017-11-30 14:21:45,804 [main] WARN  o.m.s.mapper.ClassPathMapperScanner - Skipping MapperFactoryBean with name 'userMapper' and 'org.liveshow.dao.UserMapper' mapperInterface. Bean already defined with the same name!
2017-11-30 14:21:45,804 [main] WARN  o.m.s.mapper.ClassPathMapperScanner - No MyBatis mapper was found in '[org.liveshow.dao]' package. Please check your configuration.
2017-11-30 14:21:47,690 [main] INFO  o.s.w.s.m.m.a.RequestMappingHandlerMapping - Mapped "{[/directory/part]}" onto public java.lang.String org.liveshow.controller.DirectoryController.findAllPart(org.springframework.ui.Model)
2017-11-30 14:21:47,691 [main] INFO  o.s.w.s.m.m.a.RequestMappingHandlerMapping - Mapped "{[/directory/partClass]}" onto public java.util.List<org.liveshow.entity.Module> org.liveshow.controller.DirectoryController.partClass(int)
2017-11-30 14:21:47,691 [main] INFO  o.s.w.s.m.m.a.RequestMappingHandlerMapping - Mapped "{[/directory/module/part]}" onto public java.lang.String org.liveshow.controller.DirectoryController.videoDirectory(int,org.springframework.ui.Model)
2017-11-30 14:21:47,691 [main] INFO  o.s.w.s.m.m.a.RequestMappingHandlerMapping - Mapped "{[/directory/video/page]}" onto public org.liveshow.dto.Show org.liveshow.controller.DirectoryController.videoDirectory(int,int,int)
2017-11-30 14:21:47,693 [main] INFO  o.s.w.s.m.m.a.RequestMappingHandlerMapping - Mapped "{[/index]}" onto public java.lang.String org.liveshow.controller.IndexController.getIndex(org.springframework.ui.Model)
2017-11-30 14:21:47,697 [main] INFO  o.s.w.s.m.m.a.RequestMappingHandlerMapping - Mapped "{[/liveShow/deleteCare]}" onto public org.liveshow.dto.Show org.liveshow.controller.LiveShowController.deleteCare(int,int)
2017-11-30 14:21:47,699 [main] INFO  o.s.w.s.m.m.a.RequestMappingHandlerMapping - Mapped "{[/liveShow/addCare]}" onto public org.liveshow.dto.Show org.liveshow.controller.LiveShowController.addCare(int,int)
2017-11-30 14:21:47,699 [main] INFO  o.s.w.s.m.m.a.RequestMappingHandlerMapping - Mapped "{[/liveShow/index]}" onto public java.lang.String org.liveshow.controller.LiveShowController.indexPage(int,int,org.springframework.ui.Model)
2017-11-30 14:21:47,705 [main] INFO  o.s.w.s.m.m.a.RequestMappingHandlerMapping - Mapped "{[/recommend/presentModule]}" onto public java.lang.String org.liveshow.controller.RecommendModuleController.getPresent(org.springframework.ui.Model)
2017-11-30 14:21:47,705 [main] INFO  o.s.w.s.m.m.a.RequestMappingHandlerMapping - Mapped "{[/recommend/handleInfo],methods=[POST]}" onto public java.lang.String org.liveshow.controller.RecommendModuleController.handleInfo(int,java.lang.String)
2017-11-30 14:21:47,708 [main] INFO  o.s.w.s.m.m.a.RequestMappingHandlerMapping - Mapped "{[/ac/hello]}" onto public java.util.List<org.liveshow.entity.User> org.liveshow.controller.UserController.Hello()
2017-11-30 14:21:48,163 [main] INFO  o.s.w.s.m.m.a.RequestMappingHandlerAdapter - Looking for @ControllerAdvice: org.springframework.context.support.GenericApplicationContext@2fd6b6c7: startup date [Thu Nov 30 14:21:45 GMT+08:00 2017]; root of context hierarchy
2017-11-30 14:21:48,228 [main] INFO  o.s.w.s.m.m.a.RequestMappingHandlerAdapter - Looking for @ControllerAdvice: org.springframework.context.support.GenericApplicationContext@2fd6b6c7: startup date [Thu Nov 30 14:21:45 GMT+08:00 2017]; root of context hierarchy
2017-11-30 14:21:48,281 [main] INFO  o.s.w.s.h.SimpleUrlHandlerMapping - Mapped URL path [/**] onto handler 'org.springframework.web.servlet.resource.DefaultServletHttpRequestHandler#0'
2017-11-30 14:21:48,300 [main] INFO  o.s.w.s.m.m.a.RequestMappingHandlerMapping - Mapped "{[/directory/part]}" onto public java.lang.String org.liveshow.controller.DirectoryController.findAllPart(org.springframework.ui.Model)
2017-11-30 14:21:48,301 [main] INFO  o.s.w.s.m.m.a.RequestMappingHandlerMapping - Mapped "{[/directory/partClass]}" onto public java.util.List<org.liveshow.entity.Module> org.liveshow.controller.DirectoryController.partClass(int)
2017-11-30 14:21:48,301 [main] INFO  o.s.w.s.m.m.a.RequestMappingHandlerMapping - Mapped "{[/directory/module/part]}" onto public java.lang.String org.liveshow.controller.DirectoryController.videoDirectory(int,org.springframework.ui.Model)
2017-11-30 14:21:48,301 [main] INFO  o.s.w.s.m.m.a.RequestMappingHandlerMapping - Mapped "{[/directory/video/page]}" onto public org.liveshow.dto.Show org.liveshow.controller.DirectoryController.videoDirectory(int,int,int)
2017-11-30 14:21:48,302 [main] INFO  o.s.w.s.m.m.a.RequestMappingHandlerMapping - Mapped "{[/index]}" onto public java.lang.String org.liveshow.controller.IndexController.getIndex(org.springframework.ui.Model)
2017-11-30 14:21:48,303 [main] INFO  o.s.w.s.m.m.a.RequestMappingHandlerMapping - Mapped "{[/liveShow/deleteCare]}" onto public org.liveshow.dto.Show org.liveshow.controller.LiveShowController.deleteCare(int,int)
2017-11-30 14:21:48,316 [main] INFO  o.s.w.s.m.m.a.RequestMappingHandlerMapping - Mapped "{[/liveShow/addCare]}" onto public org.liveshow.dto.Show org.liveshow.controller.LiveShowController.addCare(int,int)
2017-11-30 14:21:48,318 [main] INFO  o.s.w.s.m.m.a.RequestMappingHandlerMapping - Mapped "{[/liveShow/index]}" onto public java.lang.String org.liveshow.controller.LiveShowController.indexPage(int,int,org.springframework.ui.Model)
2017-11-30 14:21:48,319 [main] INFO  o.s.w.s.m.m.a.RequestMappingHandlerMapping - Mapped "{[/recommend/presentModule]}" onto public java.lang.String org.liveshow.controller.RecommendModuleController.getPresent(org.springframework.ui.Model)
2017-11-30 14:21:48,319 [main] INFO  o.s.w.s.m.m.a.RequestMappingHandlerMapping - Mapped "{[/recommend/handleInfo],methods=[POST]}" onto public java.lang.String org.liveshow.controller.RecommendModuleController.handleInfo(int,java.lang.String)
2017-11-30 14:21:48,321 [main] INFO  o.s.w.s.m.m.a.RequestMappingHandlerMapping - Mapped "{[/ac/hello]}" onto public java.util.List<org.liveshow.entity.User> org.liveshow.controller.UserController.Hello()
2017-11-30 14:21:48,367 [main] INFO  o.s.w.s.m.m.a.RequestMappingHandlerAdapter - Looking for @ControllerAdvice: org.springframework.context.support.GenericApplicationContext@2fd6b6c7: startup date [Thu Nov 30 14:21:45 GMT+08:00 2017]; root of context hierarchy
2017-11-30 14:21:49,096 [Thread-1] INFO  o.s.c.s.GenericApplicationContext - Closing org.springframework.context.support.GenericApplicationContext@2fd6b6c7: startup date [Thu Nov 30 14:21:45 GMT+08:00 2017]; root of context hierarchy
